2025-01-26 16:43:23,953 [INFO] Activator:176 - 


2025-01-26 16:43:23,955 [INFO] Activator:177 - !SESSION log4j initialized
2025-01-26 16:43:26,056 [INFO] LogOutputStream:77 - [STDOUT_REDIRECT] 
2025-01-26 16:43:32,464 [INFO] ApplicationProperties:184 - Using Application install path: C:\ST\STM32CubeIDE_1.16.1\STM32CubeIDE\plugins\com.st.stm32cube.common.mx_6.12.1.202409122256
2025-01-26 16:43:32,477 [INFO] DbMcusXml:78 - Set database path to: C:\ST\STM32CubeIDE_1.16.1\STM32CubeIDE\plugins\com.st.stm32cube.common.mx_6.12.1.202409122256\\db\/mcu/
2025-01-26 16:43:32,478 [INFO] ApiDb:274 - Set plugin database path to: C:\ST\STM32CubeIDE_1.16.1\STM32CubeIDE\plugins\com.st.stm32cube.common.mx_6.12.1.202409122256\\db\/plugins/boardmanager/
2025-01-26 16:43:32,478 [WARN] ApiDb:259 - Overriding images path with different value:  => C:\ST\STM32CubeIDE_1.16.1\STM32CubeIDE\plugins\com.st.stm32cube.common.mx_6.12.1.202409122256\\db\/plugins/mcufinder/images/
2025-01-26 16:43:32,482 [INFO] ApiDb:250 - Set database path to: C:\Users\LENOVO\.stmcufinder\plugins\mcufinder//mcu/
2025-01-26 16:43:32,483 [INFO] DbMcusAds:125 - Set database path to: C:\Users\LENOVO\.stmcufinder\plugins\mcufinder//mcu/
2025-01-26 16:43:32,484 [INFO] CrossReferenceDbSqlite:203 - Set database path to: C:\Users\LENOVO\.stmcufinder\plugins\mcufinder//mcu/cs/
2025-01-26 16:43:32,580 [INFO] RulesReader:64 - Compatibility file has been processed (297 Rules)
2025-01-26 16:43:32,644 [INFO] DbMcusXml:78 - Set database path to: C:\ST\STM32CubeIDE_1.16.1\STM32CubeIDE\plugins\com.st.stm32cube.common.mx_6.12.1.202409122256\\db\/mcu/
2025-01-26 16:43:32,644 [INFO] ApiDb:274 - Set plugin database path to: C:\ST\STM32CubeIDE_1.16.1\STM32CubeIDE\plugins\com.st.stm32cube.common.mx_6.12.1.202409122256\\db\/plugins/boardmanager/
2025-01-26 16:43:32,645 [INFO] ApiDb:261 - Set plugin images path to: C:\ST\STM32CubeIDE_1.16.1\STM32CubeIDE\plugins\com.st.stm32cube.common.mx_6.12.1.202409122256\\db\/plugins/mcufinder/images/
2025-01-26 16:43:32,645 [WARN] DbFile:41 - Overriding database path with different value: C:\Users\LENOVO\.stmcufinder\plugins\mcufinder/ => C:\Users\LENOVO\.stmcufinder\plugins\mcufinder
2025-01-26 16:43:32,645 [INFO] ApiDb:250 - Set database path to: C:\Users\LENOVO\.stmcufinder\plugins\mcufinder//mcu/
2025-01-26 16:43:32,645 [WARN] DbFile:41 - Overriding database path with different value: C:\Users\LENOVO\.stmcufinder\plugins\mcufinder/ => C:\Users\LENOVO\.stmcufinder\plugins\mcufinder
2025-01-26 16:43:32,645 [INFO] DbMcusAds:125 - Set database path to: C:\Users\LENOVO\.stmcufinder\plugins\mcufinder//mcu/
2025-01-26 16:43:32,645 [WARN] DbFile:41 - Overriding database path with different value: C:\Users\LENOVO\.stmcufinder\plugins\mcufinder/ => C:\Users\LENOVO\.stmcufinder\plugins\mcufinder
2025-01-26 16:43:32,645 [WARN] DbFile:41 - Overriding database path with different value: C:\Users\LENOVO\.stmcufinder\plugins\mcufinder/ => C:\Users\LENOVO\.stmcufinder\plugins\mcufinder
2025-01-26 16:43:32,645 [INFO] CrossReferenceDbSqlite:203 - Set database path to: C:\Users\LENOVO\.stmcufinder\plugins\mcufinder//mcu/cs/
2025-01-26 16:43:32,719 [INFO] MainPanel:268 - HeapMemory: 268435456
2025-01-26 16:43:32,797 [INFO] DbMcusXml:78 - Set database path to: C:\ST\STM32CubeIDE_1.16.1\STM32CubeIDE\plugins\com.st.stm32cube.common.mx_6.12.1.202409122256\\db\/mcu/
2025-01-26 16:43:32,798 [INFO] ApiDb:274 - Set plugin database path to: C:\ST\STM32CubeIDE_1.16.1\STM32CubeIDE\plugins\com.st.stm32cube.common.mx_6.12.1.202409122256\\db\/plugins/boardmanager/
2025-01-26 16:43:32,798 [INFO] ApiDb:261 - Set plugin images path to: C:\ST\STM32CubeIDE_1.16.1\STM32CubeIDE\plugins\com.st.stm32cube.common.mx_6.12.1.202409122256\\db\/plugins/mcufinder/images/
2025-01-26 16:43:32,798 [WARN] DbFile:41 - Overriding database path with different value: C:\Users\LENOVO\.stmcufinder\plugins\mcufinder/ => C:\Users\LENOVO\.stmcufinder\plugins\mcufinder
2025-01-26 16:43:32,798 [INFO] ApiDb:250 - Set database path to: C:\Users\LENOVO\.stmcufinder\plugins\mcufinder//mcu/
2025-01-26 16:43:32,798 [WARN] DbFile:41 - Overriding database path with different value: C:\Users\LENOVO\.stmcufinder\plugins\mcufinder/ => C:\Users\LENOVO\.stmcufinder\plugins\mcufinder
2025-01-26 16:43:32,798 [INFO] DbMcusAds:125 - Set database path to: C:\Users\LENOVO\.stmcufinder\plugins\mcufinder//mcu/
2025-01-26 16:43:32,798 [WARN] DbFile:41 - Overriding database path with different value: C:\Users\LENOVO\.stmcufinder\plugins\mcufinder/ => C:\Users\LENOVO\.stmcufinder\plugins\mcufinder
2025-01-26 16:43:32,798 [WARN] DbFile:41 - Overriding database path with different value: C:\Users\LENOVO\.stmcufinder\plugins\mcufinder/ => C:\Users\LENOVO\.stmcufinder\plugins\mcufinder
2025-01-26 16:43:32,798 [INFO] CrossReferenceDbSqlite:203 - Set database path to: C:\Users\LENOVO\.stmcufinder\plugins\mcufinder//mcu/cs/
2025-01-26 16:43:32,811 [INFO] ApplicationProperties:184 - Using Application install path: C:\ST\STM32CubeIDE_1.16.1\STM32CubeIDE\plugins\com.st.stm32cube.common.mx_6.12.1.202409122256
2025-01-26 16:43:32,812 [INFO] PluginManage:196 - Search for loadable plugins [exclusion list=, ]
2025-01-26 16:43:32,813 [INFO] PluginManage:310 - Check plugin analytics
2025-01-26 16:43:37,513 [INFO] AnalyticsPlugin:253 - Accepted Software Licenses: STM32CubeMX.6.7.0
2025-01-26 16:43:37,513 [INFO] AnalyticsPlugin:255 - Accepted CMSIS Pack Licenses: 
2025-01-26 16:43:37,513 [INFO] AnalyticsPlugin:257 - Accepted Firmware Licenses: FW.F4.1.27.0,FW.F4.1.28.0
2025-01-26 16:43:37,515 [INFO] PluginManage:359 - Loaded plugin analytics (category:tool,tabindex:-1)
2025-01-26 16:43:37,515 [INFO] PluginManage:310 - Check plugin cadmodel
2025-01-26 16:43:37,518 [INFO] CADModel:105 - Init CAD model plugin
2025-01-26 16:43:37,518 [INFO] PluginManage:359 - Loaded plugin cadmodel (category:power,tabindex:5)
2025-01-26 16:43:37,518 [INFO] PluginManage:310 - Check plugin clock
2025-01-26 16:43:37,526 [INFO] PluginManage:359 - Loaded plugin clock (category:base,tabindex:2)
2025-01-26 16:43:37,526 [INFO] PluginManage:310 - Check plugin ddr
2025-01-26 16:43:37,527 [INFO] PluginManage:359 - Loaded plugin ddr (category:tool,tabindex:6)
2025-01-26 16:43:37,528 [INFO] PluginManage:310 - Check plugin filemanager
2025-01-26 16:43:37,634 [INFO] PluginManage:359 - Loaded plugin filemanager (category:base,tabindex:10)
2025-01-26 16:43:37,634 [INFO] PluginManage:310 - Check plugin ipmanager
2025-01-26 16:43:37,639 [INFO] PluginManage:359 - Loaded plugin ipmanager (category:base,tabindex:5)
2025-01-26 16:43:37,639 [INFO] PluginManage:310 - Check plugin lpbam
2025-01-26 16:43:37,645 [INFO] PluginManage:359 - Loaded plugin lpbam (category:base,tabindex:0)
2025-01-26 16:43:37,645 [INFO] PluginManage:310 - Check plugin memorymap
2025-01-26 16:43:37,653 [INFO] PluginManage:359 - Loaded plugin memorymap (category:base,tabindex:4)
2025-01-26 16:43:37,653 [INFO] PluginManage:310 - Check plugin pinoutandconfiguration
2025-01-26 16:43:37,659 [INFO] PluginManage:359 - Loaded plugin pinoutandconfiguration (category:base,tabindex:1)
2025-01-26 16:43:37,659 [INFO] PluginManage:310 - Check plugin pinoutconfig
2025-01-26 16:43:37,749 [WARN] SupportedApi:132 - Cannot load RTOS API schema: s4s-elt-must-match.1: The content of 'definitions' must match (annotation?, (simpleType | complexType)?, (unique | key | keyref)*)). A problem was found starting at: attribute.
2025-01-26 16:43:37,847 [INFO] PluginManage:359 - Loaded plugin pinoutconfig (category:base,tabindex:0)
2025-01-26 16:43:37,848 [INFO] PluginManage:310 - Check plugin power
2025-01-26 16:43:37,854 [INFO] PluginManage:359 - Loaded plugin power (category:power,tabindex:4)
2025-01-26 16:43:37,854 [INFO] PluginManage:310 - Check plugin projectmanager
2025-01-26 16:43:37,869 [INFO] PluginManage:359 - Loaded plugin projectmanager (category:projectmanager,tabindex:4)
2025-01-26 16:43:37,869 [INFO] PluginManage:310 - Check plugin rif
2025-01-26 16:43:37,873 [INFO] PluginManage:359 - Loaded plugin rif (category:base,tabindex:3)
2025-01-26 16:43:37,873 [INFO] PluginManage:310 - Check plugin thirdparty
2025-01-26 16:43:37,972 [INFO] PluginManage:359 - Loaded plugin thirdparty (category:base,tabindex:-1)
2025-01-26 16:43:37,973 [INFO] PluginManage:310 - Check plugin tools
2025-01-26 16:43:37,972 [WARN] IntegrityCheckThread:84 - waiting for thirdparty lock release [integrity check]
2025-01-26 16:43:37,973 [INFO] IntegrityCheckThread:86 - entering critical section [integrity check]
2025-01-26 16:43:37,973 [INFO] ThirdPartyUpdaterWithRetryManager:70 - Updater plugin not ready yet. [1/15]
2025-01-26 16:43:37,976 [INFO] PluginManage:359 - Loaded plugin tools (category:base,tabindex:7)
2025-01-26 16:43:37,976 [INFO] PluginManage:310 - Check plugin tutovideos
2025-01-26 16:43:38,115 [INFO] PluginManage:359 - Loaded plugin tutovideos (category:base,tabindex:-1)
2025-01-26 16:43:38,115 [INFO] PluginManage:310 - Check plugin updater
2025-01-26 16:43:38,128 [INFO] PluginManage:359 - Loaded plugin updater (category:base,tabindex:12)
2025-01-26 16:43:38,128 [INFO] PluginManage:310 - Check plugin userauth
2025-01-26 16:43:38,132 [INFO] UserAuth:113 - Init User Auth plugin
2025-01-26 16:43:38,132 [INFO] PluginManage:359 - Loaded plugin userauth (category:base,tabindex:14)
2025-01-26 16:43:38,132 [INFO] PluginManage:283 - PluginManage : Loaded plugins [18]
2025-01-26 16:43:38,293 [INFO] PinOutPanel:1561 - setPackage(No Configuration,No Configuration)
2025-01-26 16:43:38,376 [INFO] CADModel:165 - CPN selected for project level
2025-01-26 16:43:38,376 [INFO] CADModel:114 - Register for checkConnection events
2025-01-26 16:43:38,393 [INFO] IPUIPlugin:80 - create IPUIPlugin
2025-01-26 16:43:38,393 [INFO] PluginManager:220 - loadIPPluginJar : add adc
2025-01-26 16:43:38,396 [INFO] IPUIPlugin:80 - create IPUIPlugin
2025-01-26 16:43:38,396 [INFO] PluginManager:220 - loadIPPluginJar : add aes
2025-01-26 16:43:38,399 [INFO] IPUIPlugin:80 - create IPUIPlugin
2025-01-26 16:43:38,399 [INFO] PluginManager:220 - loadIPPluginJar : add can
2025-01-26 16:43:38,401 [INFO] IPUIPlugin:80 - create IPUIPlugin
2025-01-26 16:43:38,402 [INFO] PluginManager:220 - loadIPPluginJar : add comp
2025-01-26 16:43:38,404 [INFO] IPUIPlugin:80 - create IPUIPlugin
2025-01-26 16:43:38,404 [INFO] PluginManager:220 - loadIPPluginJar : add cryp
2025-01-26 16:43:38,406 [INFO] IPUIPlugin:80 - create IPUIPlugin
2025-01-26 16:43:38,407 [INFO] PluginManager:220 - loadIPPluginJar : add ddr_ctrl_phy
2025-01-26 16:43:38,409 [INFO] IPUIPlugin:80 - create IPUIPlugin
2025-01-26 16:43:38,409 [INFO] PluginManager:220 - loadIPPluginJar : add dfsdm
2025-01-26 16:43:38,415 [INFO] IPUIPlugin:80 - create IPUIPlugin
2025-01-26 16:43:38,415 [INFO] PluginManager:220 - loadIPPluginJar : add dma
2025-01-26 16:43:38,418 [INFO] IPUIPlugin:80 - create IPUIPlugin
2025-01-26 16:43:38,418 [INFO] PluginManager:220 - loadIPPluginJar : add dma3
2025-01-26 16:43:38,421 [INFO] IPUIPlugin:80 - create IPUIPlugin
2025-01-26 16:43:38,421 [INFO] PluginManager:220 - loadIPPluginJar : add extmemmanager
2025-01-26 16:43:38,423 [INFO] IPUIPlugin:80 - create IPUIPlugin
2025-01-26 16:43:38,423 [INFO] PluginManager:220 - loadIPPluginJar : add fatfs
2025-01-26 16:43:38,427 [INFO] IPUIPlugin:80 - create IPUIPlugin
2025-01-26 16:43:38,428 [INFO] PluginManager:220 - loadIPPluginJar : add fmc
2025-01-26 16:43:38,434 [INFO] IPUIPlugin:80 - create IPUIPlugin
2025-01-26 16:43:38,434 [INFO] PluginManager:220 - loadIPPluginJar : add freertos
2025-01-26 16:43:38,435 [INFO] IPUIPlugin:80 - create IPUIPlugin
2025-01-26 16:43:38,435 [INFO] PluginManager:220 - loadIPPluginJar : add genericplugin
2025-01-26 16:43:38,438 [INFO] IPUIPlugin:80 - create IPUIPlugin
2025-01-26 16:43:38,438 [INFO] PluginManager:220 - loadIPPluginJar : add gfxmmu
2025-01-26 16:43:38,442 [INFO] IPUIPlugin:80 - create IPUIPlugin
2025-01-26 16:43:38,442 [INFO] PluginManager:220 - loadIPPluginJar : add gic
2025-01-26 16:43:38,446 [INFO] IPUIPlugin:80 - create IPUIPlugin
2025-01-26 16:43:38,447 [INFO] PluginManager:220 - loadIPPluginJar : add gpio
2025-01-26 16:43:38,449 [INFO] IPUIPlugin:80 - create IPUIPlugin
2025-01-26 16:43:38,449 [INFO] PluginManager:220 - loadIPPluginJar : add gtzc
2025-01-26 16:43:38,452 [INFO] IPUIPlugin:80 - create IPUIPlugin
2025-01-26 16:43:38,452 [INFO] PluginManager:220 - loadIPPluginJar : add hash
2025-01-26 16:43:38,455 [INFO] IPUIPlugin:80 - create IPUIPlugin
2025-01-26 16:43:38,455 [INFO] PluginManager:220 - loadIPPluginJar : add i2c
2025-01-26 16:43:38,457 [INFO] IPUIPlugin:80 - create IPUIPlugin
2025-01-26 16:43:38,458 [INFO] PluginManager:220 - loadIPPluginJar : add i2s
2025-01-26 16:43:38,460 [INFO] IPUIPlugin:80 - create IPUIPlugin
2025-01-26 16:43:38,461 [INFO] PluginManager:220 - loadIPPluginJar : add i3c
2025-01-26 16:43:38,464 [INFO] IPUIPlugin:80 - create IPUIPlugin
2025-01-26 16:43:38,464 [INFO] PluginManager:220 - loadIPPluginJar : add ipddr
2025-01-26 16:43:38,470 [INFO] IPUIPlugin:80 - create IPUIPlugin
2025-01-26 16:43:38,470 [INFO] PluginManager:220 - loadIPPluginJar : add linkedlist
2025-01-26 16:43:38,473 [INFO] IPUIPlugin:80 - create IPUIPlugin
2025-01-26 16:43:38,473 [INFO] PluginManager:220 - loadIPPluginJar : add lorawan
2025-01-26 16:43:38,476 [INFO] IPUIPlugin:80 - create IPUIPlugin
2025-01-26 16:43:38,476 [INFO] PluginManager:220 - loadIPPluginJar : add ltdc
2025-01-26 16:43:38,480 [INFO] IPUIPlugin:80 - create IPUIPlugin
2025-01-26 16:43:38,480 [INFO] PluginManager:220 - loadIPPluginJar : add mdma
2025-01-26 16:43:38,483 [INFO] IPUIPlugin:80 - create IPUIPlugin
2025-01-26 16:43:38,483 [INFO] PluginManager:220 - loadIPPluginJar : add nvic
2025-01-26 16:43:38,486 [INFO] IPUIPlugin:80 - create IPUIPlugin
2025-01-26 16:43:38,486 [INFO] PluginManager:220 - loadIPPluginJar : add opamp
2025-01-26 16:43:38,489 [INFO] IPUIPlugin:80 - create IPUIPlugin
2025-01-26 16:43:38,489 [INFO] PluginManager:220 - loadIPPluginJar : add openamp
2025-01-26 16:43:38,493 [INFO] IPUIPlugin:80 - create IPUIPlugin
2025-01-26 16:43:38,493 [INFO] PluginManager:220 - loadIPPluginJar : add pdm2pcm
2025-01-26 16:43:38,498 [INFO] IPUIPlugin:80 - create IPUIPlugin
2025-01-26 16:43:38,502 [INFO] PluginManager:220 - loadIPPluginJar : add plateformsettings
2025-01-26 16:43:38,503 [INFO] IPUIPlugin:80 - create IPUIPlugin
2025-01-26 16:43:38,503 [INFO] PluginManager:220 - loadIPPluginJar : add quadspi
2025-01-26 16:43:38,504 [INFO] IPUIPlugin:80 - create IPUIPlugin
2025-01-26 16:43:38,505 [INFO] PluginManager:220 - loadIPPluginJar : add radio
2025-01-26 16:43:38,508 [INFO] IPUIPlugin:80 - create IPUIPlugin
2025-01-26 16:43:38,508 [INFO] PluginManager:220 - loadIPPluginJar : add resmgrutility
2025-01-26 16:43:38,510 [INFO] IPUIPlugin:80 - create IPUIPlugin
2025-01-26 16:43:38,511 [INFO] PluginManager:220 - loadIPPluginJar : add sai
2025-01-26 16:43:38,514 [INFO] IPUIPlugin:80 - create IPUIPlugin
2025-01-26 16:43:38,514 [INFO] PluginManager:220 - loadIPPluginJar : add spi
2025-01-26 16:43:38,519 [INFO] IPUIPlugin:80 - create IPUIPlugin
2025-01-26 16:43:38,519 [INFO] PluginManager:220 - loadIPPluginJar : add stm32_wpan
2025-01-26 16:43:38,521 [INFO] IPUIPlugin:80 - create IPUIPlugin
2025-01-26 16:43:38,521 [INFO] PluginManager:220 - loadIPPluginJar : add tim
2025-01-26 16:43:38,524 [INFO] IPUIPlugin:80 - create IPUIPlugin
2025-01-26 16:43:38,524 [INFO] PluginManager:220 - loadIPPluginJar : add touchsensing
2025-01-26 16:43:38,526 [INFO] IPUIPlugin:80 - create IPUIPlugin
2025-01-26 16:43:38,526 [INFO] PluginManager:220 - loadIPPluginJar : add tracer_emb
2025-01-26 16:43:38,528 [INFO] IPUIPlugin:80 - create IPUIPlugin
2025-01-26 16:43:38,528 [INFO] PluginManager:220 - loadIPPluginJar : add ts
2025-01-26 16:43:38,529 [INFO] IPUIPlugin:80 - create IPUIPlugin
2025-01-26 16:43:38,529 [INFO] PluginManager:220 - loadIPPluginJar : add tsc
2025-01-26 16:43:38,531 [INFO] IPUIPlugin:80 - create IPUIPlugin
2025-01-26 16:43:38,531 [INFO] PluginManager:220 - loadIPPluginJar : add ucpd
2025-01-26 16:43:38,534 [INFO] IPUIPlugin:80 - create IPUIPlugin
2025-01-26 16:43:38,535 [INFO] PluginManager:220 - loadIPPluginJar : add usart
2025-01-26 16:43:38,537 [INFO] IPUIPlugin:80 - create IPUIPlugin
2025-01-26 16:43:38,537 [INFO] PluginManager:220 - loadIPPluginJar : add usbx
2025-01-26 16:43:38,665 [INFO] CADModel:165 - CPN selected for project level
2025-01-26 16:43:38,666 [INFO] CADModel:114 - Register for checkConnection events
2025-01-26 16:43:38,666 [FATAL] Updater:334 - Updater called before beeing initialized
2025-01-26 16:43:38,666 [ERROR] CADModel:125 - Updater not yet initialized, retry later 
2025-01-26 16:43:38,763 [INFO] CADModel:165 - CPN selected for project level
2025-01-26 16:43:38,763 [INFO] CADModel:114 - Register for checkConnection events
2025-01-26 16:43:38,763 [FATAL] Updater:334 - Updater called before beeing initialized
2025-01-26 16:43:38,763 [ERROR] CADModel:125 - Updater not yet initialized, retry later 
2025-01-26 16:43:38,766 [FATAL] Updater:334 - Updater called before beeing initialized
2025-01-26 16:43:38,858 [FATAL] Updater:334 - Updater called before beeing initialized
2025-01-26 16:43:38,862 [INFO] DbMcusAds:53 - JSON generation date=Tue Dec 17 17:01:15 CET 2024 (1734451275111)
2025-01-26 16:43:38,862 [FATAL] Updater:334 - Updater called before beeing initialized
2025-01-26 16:43:38,894 [WARN] DetailPanel:346 - Failed to get advertising image, set to default
2025-01-26 16:43:38,980 [FATAL] Updater:334 - Updater called before beeing initialized
2025-01-26 16:43:38,982 [FATAL] Updater:334 - Updater called before beeing initialized
2025-01-26 16:43:38,982 [FATAL] Updater:334 - Updater called before beeing initialized
2025-01-26 16:43:38,982 [WARN] DetailPanel:346 - Failed to get advertising image, set to default
2025-01-26 16:43:38,983 [FATAL] Updater:334 - Updater called before beeing initialized
2025-01-26 16:43:39,017 [ERROR] Updater:1164 - MainUpdater not yet initialized. External WinMGr cannot be set.
2025-01-26 16:43:39,019 [INFO] Updater:1100 - Updater Version found : 6.12.1
2025-01-26 16:43:39,030 [INFO] ApplicationProperties:184 - Using Application install path: C:\ST\STM32CubeIDE_1.16.1\STM32CubeIDE\plugins\com.st.stm32cube.common.mx_6.12.1.202409122256
2025-01-26 16:43:39,320 [INFO] MainUpdater:2873 - connection check result : 10
2025-01-26 16:43:39,320 [INFO] MainUpdater:290 - Updater Check For Update Now.
2025-01-26 16:43:39,321 [INFO] MicroXplorer:498 - Change Database Version : DB.6.0.121
2025-01-26 16:43:39,326 [INFO] McuFinderGlobals:63 - Set McuFinder mode to 2 (CubeIDE integrated)
2025-01-26 16:43:39,327 [INFO] UserAuth:417 - Internet connection configuration mode: 1
2025-01-26 16:43:39,341 [INFO] JxBrowserEngine:152 - Initiate JxBrowser Engine with user profile folder
2025-01-26 16:43:39,504 [INFO] CheckServerUpdateThread:120 - End of CheckServer Thread
2025-01-26 16:43:39,852 [INFO] WebApp:167 - Instantiating new browser for Auth
2025-01-26 16:43:40,532 [INFO] WebApp:448 - Apply proxy settings
2025-01-26 16:43:40,532 [INFO] WebApp:533 - Chromium requires no authentication
2025-01-26 16:43:40,542 [INFO] WebApp:476 - Direct internet connection detected
2025-01-26 16:43:40,574 [INFO] WebApp:869 - Register for checkConnection events
2025-01-26 16:43:40,575 [INFO] WebApp:448 - Apply proxy settings
2025-01-26 16:43:40,575 [INFO] WebApp:533 - Chromium requires no authentication
2025-01-26 16:43:40,575 [INFO] WebApp:476 - Direct internet connection detected
2025-01-26 16:43:40,727 [INFO] WebApp:220 - Starting web application
2025-01-26 16:43:40,728 [INFO] WebApp:578 - Web application path used C:\ST\STM32CubeIDE_1.16.1\STM32CubeIDE\plugins\com.st.stm32cube.common.mx_6.12.1.202409122256\db\plugins\mcufinder\reactClient1\index.html
2025-01-26 16:43:40,827 [INFO] UserAuth:417 - Internet connection configuration mode: 1
2025-01-26 16:43:40,935 [INFO] WebApp:186 - Connection restablished
2025-01-26 16:43:41,365 [WARN] PackLoader:240 - Cannot read IP mode file for STMicroelectronics.FP-SNS-MOTENVWB1.1.4.0
2025-01-26 16:43:41,378 [WARN] PackLoader:240 - Cannot read IP mode file for STMicroelectronics.FP-ATR-ASTRA1.2.0.1
2025-01-26 16:43:41,389 [WARN] PackLoader:240 - Cannot read IP mode file for STMicroelectronics.X-CUBE-SMBUS.2.1.0
2025-01-26 16:43:41,403 [WARN] PackLoader:240 - Cannot read IP mode file for STMicroelectronics.X-CUBE-WB05N.1.1.0
2025-01-26 16:43:41,481 [WARN] PackLoader:240 - Cannot read IP mode file for STMicroelectronics.X-CUBE-AZRTOS-F7.1.1.0
2025-01-26 16:43:41,608 [WARN] PackLoader:240 - Cannot read IP mode file for STMicroelectronics.X-CUBE-MEMS1.11.0.0
2025-01-26 16:43:41,883 [WARN] PackLoader:240 - Cannot read IP mode file for STMicroelectronics.X-CUBE-BLE1.6.2.4
2025-01-26 16:43:41,889 [WARN] PackLoader:240 - Cannot read IP mode file for STMicroelectronics.FP-SNS-FLIGHT1.5.0.2
2025-01-26 16:43:41,898 [WARN] PackLoader:240 - Cannot read IP mode file for STMicroelectronics.X-CUBE-DISPLAY.3.0.0
2025-01-26 16:43:41,907 [WARN] PackLoader:240 - Cannot read IP mode file for STMicroelectronics.X-CUBE-BLE1.7.0.0
2025-01-26 16:43:41,916 [WARN] PackLoader:240 - Cannot read IP mode file for STMicroelectronics.X-CUBE-NFC10.1.0.0
2025-01-26 16:43:41,927 [WARN] PackLoader:240 - Cannot read IP mode file for STMicroelectronics.X-CUBE-BLEMGR.4.0.0
2025-01-26 16:43:41,938 [WARN] PackLoader:240 - Cannot read IP mode file for STMicroelectronics.X-CUBE-BLEMGR.3.1.0
2025-01-26 16:43:41,943 [WARN] PackLoader:240 - Cannot read IP mode file for STMicroelectronics.X-CUBE-AI.10.0.0
2025-01-26 16:43:41,947 [WARN] PackLoader:240 - Cannot read IP mode file for STMicroelectronics.FP-SNS-SMARTAG2.1.2.0
2025-01-26 16:43:41,992 [WARN] PackLoader:240 - Cannot read IP mode file for STMicroelectronics.X-CUBE-MEMS1.11.1.0
2025-01-26 16:43:42,189 [INFO] LogOutputStream:77 - [STDOUT_REDIRECT] 1 : Invalid condition id : UX_CORESTACK_Condition cause : null
2025-01-26 16:43:42,189 [INFO] LogOutputStream:77 - [STDOUT_REDIRECT] 1 : Invalid condition id : UX_CORESTACK_Condition cause : null
2025-01-26 16:43:42,190 [INFO] LogOutputStream:77 - [STDOUT_REDIRECT] 1 : Invalid condition id : UX_CORESTACK_Condition cause : null
2025-01-26 16:43:42,191 [INFO] LogOutputStream:77 - [STDOUT_REDIRECT] 1 : Invalid condition id : UX_CORESTACK_Condition cause : null
2025-01-26 16:43:42,192 [INFO] LogOutputStream:77 - [STDOUT_REDIRECT] 1 : Invalid condition id : UX_CORESTACK_Condition cause : null
2025-01-26 16:43:42,195 [WARN] PackLoader:240 - Cannot read IP mode file for STMicroelectronics.X-CUBE-AZRTOS-WL.2.0.0
2025-01-26 16:43:42,200 [WARN] PackLoader:240 - Cannot read IP mode file for STMicroelectronics.FP-SNS-MOTENV1.5.0.0
2025-01-26 16:43:42,206 [WARN] PackLoader:240 - Cannot read IP mode file for wolfSSL.I-CUBE-wolfMQTT.1.19.0
2025-01-26 16:43:42,211 [WARN] PackLoader:240 - Cannot read IP mode file for WES.I-CUBE-Cesium.1.3.0
2025-01-26 16:43:42,216 [WARN] PackLoader:240 - Cannot read IP mode file for STMicroelectronics.X-CUBE-BLE2.3.3.0
2025-01-26 16:43:42,219 [WARN] PackLoader:240 - Cannot read IP mode file for STMicroelectronics.X-CUBE-DISPLAY.2.2.0
2025-01-26 16:43:42,230 [WARN] PackLoader:240 - Cannot read IP mode file for STMicroelectronics.X-CUBE-TOF1.3.2.0
2025-01-26 16:43:42,238 [WARN] PackLoader:240 - Cannot read IP mode file for STMicroelectronics.X-CUBE-NFC9.1.0.0
2025-01-26 16:43:42,245 [WARN] PackLoader:240 - Cannot read IP mode file for STMicroelectronics.X-CUBE-TCPP.4.1.0
2025-01-26 16:43:42,251 [WARN] PackLoader:240 - Cannot read IP mode file for STMicroelectronics.X-CUBE-TOUCHGFX.4.21.0
2025-01-26 16:43:42,302 [WARN] PackLoader:240 - Cannot read IP mode file for STMicroelectronics.X-CUBE-MEMS1.9.4.0
2025-01-26 16:43:42,418 [WARN] PackLoader:240 - Cannot read IP mode file for STMicroelectronics.X-CUBE-AI.7.3.0
2025-01-26 16:43:42,425 [WARN] PackLoader:240 - Cannot read IP mode file for STMicroelectronics.X-CUBE-ALGOBUILD.1.3.0
2025-01-26 16:43:42,440 [WARN] PackLoader:240 - Cannot read IP mode file for STMicroelectronics.X-CUBE-AZRTOS-G0.1.1.0
2025-01-26 16:43:42,450 [WARN] PackLoader:240 - Cannot read IP mode file for STMicroelectronics.X-CUBE-SAFEA1.1.2.2
2025-01-26 16:43:42,457 [WARN] PackLoader:240 - Cannot read IP mode file for STMicroelectronics.X-CUBE-NFC4.3.0.0
2025-01-26 16:43:42,471 [WARN] PackLoader:240 - Cannot read IP mode file for EmbeddedOffice.I-CUBE-FS-RTOS.1.0.1
2025-01-26 16:43:42,471 [ERROR] ConditionMgr:805 - Attr not supported : Dmpu
2025-01-26 16:43:42,471 [ERROR] ConditionMgr:805 - Attr not supported : Dmpu
2025-01-26 16:43:42,471 [ERROR] ConditionMgr:805 - Attr not supported : Dmpu
2025-01-26 16:43:42,472 [ERROR] ConditionMgr:805 - Attr not supported : Dmpu
2025-01-26 16:43:42,472 [ERROR] ConditionMgr:805 - Attr not supported : Dmpu
2025-01-26 16:43:42,472 [ERROR] ConditionMgr:805 - Attr not supported : Dmpu
2025-01-26 16:43:42,472 [ERROR] ConditionMgr:805 - Attr not supported : Dmpu
2025-01-26 16:43:42,472 [ERROR] ConditionMgr:805 - Attr not supported : Dmpu
2025-01-26 16:43:42,472 [ERROR] ConditionMgr:805 - Attr not supported : Dmpu
2025-01-26 16:43:42,472 [ERROR] ConditionMgr:805 - Attr not supported : Dmpu
2025-01-26 16:43:42,472 [ERROR] ConditionMgr:805 - Attr not supported : Dmpu
2025-01-26 16:43:42,472 [ERROR] ConditionMgr:805 - Attr not supported : Dmpu
2025-01-26 16:43:42,473 [ERROR] ConditionMgr:805 - Attr not supported : Dmpu
2025-01-26 16:43:42,473 [ERROR] ConditionMgr:805 - Attr not supported : Dmpu
2025-01-26 16:43:42,473 [ERROR] ConditionMgr:805 - Attr not supported : Dmpu
2025-01-26 16:43:42,473 [ERROR] ConditionMgr:805 - Attr not supported : Dmpu
2025-01-26 16:43:42,473 [ERROR] ConditionMgr:805 - Attr not supported : Dmpu
2025-01-26 16:43:42,473 [ERROR] ConditionMgr:805 - Attr not supported : Dmpu
2025-01-26 16:43:42,473 [ERROR] ConditionMgr:805 - Attr not supported : Dmpu
2025-01-26 16:43:42,473 [ERROR] ConditionMgr:805 - Attr not supported : Dmpu
2025-01-26 16:43:42,473 [ERROR] ConditionMgr:805 - Attr not supported : Dmpu
2025-01-26 16:43:42,473 [ERROR] ConditionMgr:805 - Attr not supported : Dmpu
2025-01-26 16:43:42,473 [ERROR] ConditionMgr:805 - Attr not supported : Dmpu
2025-01-26 16:43:42,473 [ERROR] ConditionMgr:805 - Attr not supported : Dmpu
2025-01-26 16:43:42,474 [ERROR] ConditionMgr:805 - Attr not supported : Dmpu
2025-01-26 16:43:42,474 [ERROR] ConditionMgr:805 - Attr not supported : Dmpu
2025-01-26 16:43:42,474 [ERROR] ConditionMgr:805 - Attr not supported : Dmpu
2025-01-26 16:43:42,474 [ERROR] ConditionMgr:805 - Attr not supported : Dmpu
2025-01-26 16:43:42,474 [ERROR] ConditionMgr:805 - Attr not supported : Dmpu
2025-01-26 16:43:42,474 [ERROR] ConditionMgr:805 - Attr not supported : Dmpu
2025-01-26 16:43:42,474 [ERROR] ConditionMgr:805 - Attr not supported : Dmpu
2025-01-26 16:43:42,474 [ERROR] ConditionMgr:805 - Attr not supported : Dmpu
2025-01-26 16:43:42,474 [ERROR] ConditionMgr:805 - Attr not supported : Dmpu
2025-01-26 16:43:42,474 [ERROR] ConditionMgr:805 - Attr not supported : Dmpu
2025-01-26 16:43:42,474 [ERROR] ConditionMgr:805 - Attr not supported : Dmpu
2025-01-26 16:43:42,474 [ERROR] ConditionMgr:805 - Attr not supported : Dmpu
2025-01-26 16:43:42,475 [ERROR] ConditionMgr:805 - Attr not supported : Dmpu
2025-01-26 16:43:42,475 [ERROR] ConditionMgr:805 - Attr not supported : Dmpu
2025-01-26 16:43:42,475 [ERROR] ConditionMgr:805 - Attr not supported : Dmpu
2025-01-26 16:43:42,475 [ERROR] ConditionMgr:805 - Attr not supported : Dmpu
2025-01-26 16:43:42,475 [ERROR] ConditionMgr:805 - Attr not supported : Dmpu
2025-01-26 16:43:42,475 [ERROR] ConditionMgr:805 - Attr not supported : Dmpu
2025-01-26 16:43:42,475 [ERROR] ConditionMgr:805 - Attr not supported : Dmpu
2025-01-26 16:43:42,475 [ERROR] ConditionMgr:805 - Attr not supported : Dmpu
2025-01-26 16:43:42,475 [ERROR] ConditionMgr:805 - Attr not supported : Dmpu
2025-01-26 16:43:42,476 [ERROR] ConditionMgr:805 - Attr not supported : Dmpu
2025-01-26 16:43:42,476 [ERROR] ConditionMgr:805 - Attr not supported : Dmpu
2025-01-26 16:43:42,476 [ERROR] ConditionMgr:805 - Attr not supported : Dmpu
2025-01-26 16:43:42,476 [ERROR] ConditionMgr:805 - Attr not supported : Dmpu
2025-01-26 16:43:42,476 [ERROR] ConditionMgr:805 - Attr not supported : Dmpu
2025-01-26 16:43:42,476 [ERROR] ConditionMgr:805 - Attr not supported : Dmpu
2025-01-26 16:43:42,476 [ERROR] ConditionMgr:805 - Attr not supported : Dmpu
2025-01-26 16:43:42,476 [ERROR] ConditionMgr:805 - Attr not supported : Dmpu
2025-01-26 16:43:42,476 [ERROR] ConditionMgr:805 - Attr not supported : Dmpu
2025-01-26 16:43:42,476 [ERROR] ConditionMgr:805 - Attr not supported : Dmpu
2025-01-26 16:43:42,477 [ERROR] ConditionMgr:805 - Attr not supported : Dmpu
2025-01-26 16:43:42,477 [ERROR] ConditionMgr:805 - Attr not supported : Dmpu
2025-01-26 16:43:42,477 [ERROR] ConditionMgr:805 - Attr not supported : Dmpu
2025-01-26 16:43:42,477 [ERROR] ConditionMgr:805 - Attr not supported : Dmpu
2025-01-26 16:43:42,477 [ERROR] ConditionMgr:805 - Attr not supported : Dmpu
2025-01-26 16:43:42,477 [ERROR] ConditionMgr:805 - Attr not supported : Dmpu
2025-01-26 16:43:42,477 [ERROR] ConditionMgr:805 - Attr not supported : Dmpu
2025-01-26 16:43:42,477 [ERROR] ConditionMgr:805 - Attr not supported : Dmpu
2025-01-26 16:43:42,477 [ERROR] ConditionMgr:805 - Attr not supported : Dmpu
2025-01-26 16:43:42,489 [WARN] PackLoader:240 - Cannot read IP mode file for STMicroelectronics.X-CUBE-BLEMGR.1.3.0
2025-01-26 16:43:42,496 [ERROR] Engine:466 - C:\Users\LENOVO\.stm32cubemx\thirdparties\pdsc\STMicroelectronics.X-CUBE-TCPP.4.2.0.pdsc: PDSC version is not supported
2025-01-26 16:43:42,501 [WARN] PackLoader:240 - Cannot read IP mode file for RealThread.X-CUBE-RT-Thread_Nano.4.1.1
2025-01-26 16:43:42,506 [WARN] PackLoader:240 - Cannot read IP mode file for STMicroelectronics.FP-ATR-SIGFOX1.3.2.0
2025-01-26 16:43:42,512 [WARN] ConditionMgr:438 - getConditionDescription Invalid condition id : Cortex-A Device cause : null
2025-01-26 16:43:42,545 [WARN] ConditionMgr:1039 - genDependencies : Invalid condition id : Cortex-A Device cause : null
2025-01-26 16:43:42,545 [WARN] ConditionMgr:1039 - genDependencies : Invalid condition id : Cortex-A Device cause : null
2025-01-26 16:43:42,545 [WARN] ConditionMgr:1039 - genDependencies : Invalid condition id : Cortex-A Device cause : null
2025-01-26 16:43:42,554 [WARN] PackLoader:240 - Cannot read IP mode file for STMicroelectronics.X-CUBE-EEPRMA1.5.1.0
2025-01-26 16:43:42,559 [WARN] PackLoader:240 - Cannot read IP mode file for STMicroelectronics.X-CUBE-TOUCHGFX.4.20.0
2025-01-26 16:43:42,566 [WARN] PackLoader:240 - Cannot read IP mode file for ITTIA_DB.I-CUBE-ITTIADB.8.9.0
2025-01-26 16:43:42,621 [WARN] PackLoader:240 - Cannot read IP mode file for SEGGER.I-CUBE-embOS.1.3.1
2025-01-26 16:43:42,664 [WARN] PackLoader:240 - Cannot read IP mode file for STMicroelectronics.X-CUBE-ALGOBUILD.1.4.0
2025-01-26 16:43:42,705 [WARN] PackLoader:240 - Cannot read IP mode file for SEGGER.I-CUBE-embOS.1.3.0
2025-01-26 16:43:42,756 [WARN] PackLoader:240 - Cannot read IP mode file for STMicroelectronics.X-CUBE-AI.9.1.0
2025-01-26 16:43:42,761 [WARN] PackLoader:240 - Cannot read IP mode file for STMicroelectronics.X-CUBE-GNSS1.6.0.0
2025-01-26 16:43:42,779 [WARN] PackLoader:240 - Cannot read IP mode file for STMicroelectronics.X-CUBE-AZRTOS-F4.1.1.0
2025-01-26 16:43:42,787 [WARN] PackLoader:240 - Cannot read IP mode file for STMicroelectronics.X-CUBE-ISPU.2.1.0
2025-01-26 16:43:42,795 [WARN] PackLoader:240 - Cannot read IP mode file for STMicroelectronics.X-CUBE-FREERTOS.1.2.0
2025-01-26 16:43:42,810 [WARN] PackLoader:240 - Cannot read IP mode file for STMicroelectronics.X-CUBE-AZRTOS-L5.2.0.0
2025-01-26 16:43:42,832 [WARN] PackLoader:240 - Cannot read IP mode file for STMicroelectronics.X-CUBE-NFC6.3.1.0
2025-01-26 16:43:42,844 [WARN] PackLoader:240 - Cannot read IP mode file for emotas.I-CUBE-CANOPEN.1.1.3
2025-01-26 16:43:42,851 [WARN] PackLoader:240 - Cannot read IP mode file for STMicroelectronics.X-CUBE-DPower.1.2.0
2025-01-26 16:43:42,856 [WARN] PackLoader:240 - Cannot read IP mode file for STMicroelectronics.X-CUBE-NFC4.2.0.5
2025-01-26 16:43:42,862 [WARN] PackLoader:240 - Cannot read IP mode file for wolfSSL.I-CUBE-wolfSSL.5.5.3
2025-01-26 16:43:42,867 [WARN] PackLoader:240 - Cannot read IP mode file for STMicroelectronics.X-CUBE-FREERTOS.1.3.0
2025-01-26 16:43:42,873 [WARN] PackLoader:240 - Cannot read IP mode file for STMicroelectronics.X-CUBE-NFC7.1.0.1
2025-01-26 16:43:42,878 [WARN] PackLoader:240 - Cannot read IP mode file for STMicroelectronics.X-CUBE-NFC7.1.0.0
2025-01-26 16:43:42,885 [WARN] PackLoader:240 - Cannot read IP mode file for STMicroelectronics.X-CUBE-EEPRMA1.4.1.0
2025-01-26 16:43:42,900 [WARN] ConditionMgr:438 - getConditionDescription Invalid condition id : LAN8742 Phy interface Condition cause : null
2025-01-26 16:43:42,901 [WARN] PackLoader:240 - Cannot read IP mode file for STMicroelectronics.X-CUBE-AZRTOS-L4.2.0.0
2025-01-26 16:43:42,902 [WARN] ConditionMgr:1039 - genDependencies : Invalid condition id : LAN8742 Phy interface Condition cause : null
2025-01-26 16:43:42,902 [WARN] ConditionMgr:1039 - genDependencies : Invalid condition id : LAN8742 Phy interface Condition cause : null
2025-01-26 16:43:42,903 [WARN] ConditionMgr:1039 - genDependencies : Invalid condition id : LAN8742 Phy interface Condition cause : null
2025-01-26 16:43:42,908 [WARN] PackLoader:240 - Cannot read IP mode file for STMicroelectronics.X-CUBE-SFXS2LP1.4.0.0
2025-01-26 16:43:42,925 [WARN] PackLoader:240 - Cannot read IP mode file for STMicroelectronics.X-CUBE-AZRTOS-H7.3.0.0
2025-01-26 16:43:42,930 [WARN] PackLoader:240 - Cannot read IP mode file for STMicroelectronics.X-CUBE-ISPU.1.1.0
2025-01-26 16:43:42,949 [WARN] PackLoader:240 - Cannot read IP mode file for STMicroelectronics.X-CUBE-AZRTOS-H7.3.3.0
2025-01-26 16:43:42,958 [WARN] PackLoader:240 - Cannot read IP mode file for RoweBots.I-CUBE-UNISONRTOS.5.5.0-4
2025-01-26 16:43:42,969 [WARN] PackLoader:240 - Cannot read IP mode file for STMicroelectronics.X-CUBE-IPS.3.0.0
2025-01-26 16:43:42,984 [WARN] ConditionMgr:438 - getConditionDescription Invalid condition id : UX DEVICE CLASS RTOS Condition cause : null
2025-01-26 16:43:42,984 [WARN] ConditionMgr:438 - getConditionDescription Invalid condition id : UX DEVICE CLASS RTOS Condition cause : null
2025-01-26 16:43:42,986 [WARN] PackLoader:240 - Cannot read IP mode file for STMicroelectronics.X-CUBE-AZRTOS-WB.2.0.0
2025-01-26 16:43:42,987 [WARN] ConditionMgr:1039 - genDependencies : Invalid condition id : UX DEVICE CLASS RTOS Condition cause : null
2025-01-26 16:43:42,987 [WARN] ConditionMgr:1039 - genDependencies : Invalid condition id : UX DEVICE CLASS RTOS Condition cause : null
2025-01-26 16:43:42,988 [WARN] ConditionMgr:1039 - genDependencies : Invalid condition id : UX DEVICE CLASS RTOS Condition cause : null
2025-01-26 16:43:42,988 [WARN] ConditionMgr:1039 - genDependencies : Invalid condition id : UX DEVICE CLASS RTOS Condition cause : null
2025-01-26 16:43:42,988 [WARN] ConditionMgr:1039 - genDependencies : Invalid condition id : UX DEVICE CLASS RTOS Condition cause : null
2025-01-26 16:43:42,994 [WARN] PackLoader:240 - Cannot read IP mode file for STMicroelectronics.X-CUBE-GNSS1.7.0.0
2025-01-26 16:43:43,001 [WARN] PackLoader:240 - Cannot read IP mode file for STMicroelectronics.X-CUBE-GNSS1.7.0.1
2025-01-26 16:43:43,006 [WARN] PackLoader:240 - Cannot read IP mode file for STMicroelectronics.FP-SNS-STBOX1.2.0.0
2025-01-26 16:43:43,019 [WARN] PackLoader:240 - Cannot read IP mode file for STMicroelectronics.X-CUBE-AZRTOS-L5.1.1.0
2025-01-26 16:43:43,028 [WARN] PackLoader:240 - Cannot read IP mode file for STMicroelectronics.X-CUBE-SUBG2.5.0.0
2025-01-26 16:43:43,037 [WARN] PackLoader:240 - Cannot read IP mode file for Cesanta.I-CUBE-Mongoose.7.13.0
2025-01-26 16:43:43,056 [WARN] PackLoader:240 - Cannot read IP mode file for STMicroelectronics.X-CUBE-AZRTOS-G4.2.0.0
2025-01-26 16:43:43,064 [WARN] PackLoader:240 - Cannot read IP mode file for STMicroelectronics.FP-ATR-ASTRA1.1.1.1
2025-01-26 16:43:43,082 [WARN] PackLoader:240 - Cannot read IP mode file for STMicroelectronics.X-CUBE-AZRTOS-G4.1.0.0
2025-01-26 16:43:43,110 [WARN] PackLoader:240 - Cannot read IP mode file for STMicroelectronics.X-CUBE-AZRTOS-L4.1.0.0
2025-01-26 16:43:43,120 [ERROR] Engine:466 - C:\Users\LENOVO\.stm32cubemx\thirdparties\pdsc\STMicroelectronics.X-CUBE-IPS.3.1.0.pdsc: PDSC version is not supported
2025-01-26 16:43:43,124 [WARN] PackLoader:240 - Cannot read IP mode file for STMicroelectronics.X-CUBE-ALS.1.0.2
2025-01-26 16:43:43,129 [WARN] PackLoader:240 - Cannot read IP mode file for STMicroelectronics.X-CUBE-TOUCHGFX.4.24.2
2025-01-26 16:43:43,140 [WARN] PackLoader:240 - Cannot read IP mode file for STMicroelectronics.X-CUBE-AZRTOS-WL.1.0.0
2025-01-26 16:43:43,145 [WARN] PackLoader:240 - Cannot read IP mode file for STMicroelectronics.X-CUBE-TOUCHGFX.4.24.1
2025-01-26 16:43:43,151 [WARN] PackLoader:240 - Cannot read IP mode file for wolfSSL.I-CUBE-wolfTPM.3.4.0
2025-01-26 16:43:43,162 [WARN] PackLoader:240 - Cannot read IP mode file for portGmbH.I-Cube-SoM-uGOAL.1.1.0
2025-01-26 16:43:43,167 [WARN] PackLoader:240 - Cannot read IP mode file for STMicroelectronics.X-CUBE-ALS.1.0.1
2025-01-26 16:43:43,182 [WARN] PackLoader:240 - Cannot read IP mode file for STMicroelectronics.X-CUBE-AZRTOS-WB.1.1.0
2025-01-26 16:43:43,189 [WARN] PackLoader:240 - Cannot read IP mode file for STMicroelectronics.X-CUBE-EEPRMA1.3.1.1
2025-01-26 16:43:43,213 [WARN] PackLoader:240 - Cannot read IP mode file for STMicroelectronics.X-CUBE-AZRTOS-H7RS.1.0.0
2025-01-26 16:43:43,227 [WARN] PackLoader:240 - Cannot read IP mode file for STMicroelectronics.X-CUBE-TOF1.3.4.2
2025-01-26 16:43:43,255 [WARN] PackLoader:240 - Cannot read IP mode file for Infineon.AIROC-Wi-Fi-Bluetooth-STM32.1.6.1
2025-01-26 16:43:43,261 [WARN] PackLoader:240 - Cannot read IP mode file for wolfSSL.I-CUBE-wolfSSH.1.4.17
2025-01-26 16:43:43,261 [INFO] ThirdParty:978 - Integrity check success = true
2025-01-26 16:43:43,262 [INFO] IntegrityCheckThread:100 - exiting critical section [integrity check]
2025-01-26 16:43:43,262 [INFO] IntegrityCheckThread:103 - End integrity checks thread
2025-01-26 16:44:01,509 [ERROR] LogOutputStream:75 - [STDERR_REDIRECT] 
